 CYCLE NUMBER  1
    C00/C1d       C01/C1d         C02/C1d
 102.76605 0.50083584 0.3487106
  
 CYCLE NUMBER  2
    C00/C1d       C01/C1d         C02/C1d
 3.7823336 8.519442 7.576744
  
 CYCLE NUMBER  3
    C00/C1d       C01/C1d         C02/C1d
 30.815828 4.139026 3.040499
  
 CYCLE NUMBER  4
    C00/C1d       C01/C1d         C02/C1d
 23.13535 4.33535 3.3082817
  
 CYCLE NUMBER  5
    C00/C1d       C01/C1d         C02/C1d
 25.163778 3.8030262 2.8463016
  
 CYCLE NUMBER  6
    C00/C1d       C01/C1d         C02/C1d
 24.543188 3.7255824 2.820176
  
 CYCLE NUMBER  7
    C00/C1d       C01/C1d         C02/C1d
 24.677217 3.6400862 2.7640283
  
 CYCLE NUMBER  8
    C00/C1d       C01/C1d         C02/C1d
 24.613544 3.611795 2.75168
  
 CYCLE NUMBER  9
    C00/C1d       C01/C1d         C02/C1d
 24.611465 3.5933828 2.7413504
  
 CYCLE NUMBER  10
    C00/C1d       C01/C1d         C02/C1d
 24.596998 3.5844364 2.7363784
  
 CYCLE NUMBER  11
    C00/C1d       C01/C1d         C02/C1d
 24.589321 3.5787976 2.732631
  
 CYCLE NUMBER  12
    C00/C1d       C01/C1d         C02/C1d
 24.582203 3.575256 2.7299657
  
 CYCLE NUMBER  13
    C00/C1d       C01/C1d         C02/C1d
 24.576782 3.5727627 2.727863
  
 CYCLE NUMBER  14
    C00/C1d       C01/C1d         C02/C1d
 24.572618 3.5709348 2.7262015
  
 CYCLE NUMBER  15
    C00/C1d       C01/C1d         C02/C1d
 24.569176 3.5695312 2.724866
  
 CYCLE NUMBER  16
    C00/C1d       C01/C1d         C02/C1d
 24.566523 3.5684316 2.72379
  
 CYCLE NUMBER  17
    C00/C1d       C01/C1d         C02/C1d
 24.564425 3.5675542 2.7229223
  
 CYCLE NUMBER  18
    C00/C1d       C01/C1d         C02/C1d
 24.562763 3.5668516 2.7222211
  
 CYCLE NUMBER  19
    C00/C1d       C01/C1d         C02/C1d
 24.561417 3.566283 2.7216551
  
 CYCLE NUMBER  20
    C00/C1d       C01/C1d         C02/C1d
 24.560186 3.5658257 2.7211983
  
 CYCLE NUMBER  21
    C00/C1d       C01/C1d         C02/C1d
 24.559391 3.5654554 2.7208314
  
 CYCLE NUMBER  22
    C00/C1d       C01/C1d         C02/C1d
 24.558676 3.565157 2.7205331
  
 CYCLE NUMBER  23
    C00/C1d       C01/C1d         C02/C1d
 24.558294 3.5649107 2.720293
  
 CYCLE NUMBER  24
    C00/C1d       C01/C1d         C02/C1d
 24.55769 3.5647142 2.7201004
  
 CYCLE NUMBER  25
    C00/C1d       C01/C1d         C02/C1d
 24.557487 3.564552 2.7199397
  
 CYCLE NUMBER  26
    C00/C1d       C01/C1d         C02/C1d
 24.557266 3.564422 2.7198148
  
 CYCLE NUMBER  27
    C00/C1d       C01/C1d         C02/C1d
 24.557016 3.564321 2.7197146
  
 CYCLE NUMBER  28
    C00/C1d       C01/C1d         C02/C1d
 24.556835 3.5642357 2.7196302
  
 CYCLE NUMBER  29
    C00/C1d       C01/C1d         C02/C1d
 24.556732 3.5641632 2.7195623
  
 CYCLE NUMBER  30
    C00/C1d       C01/C1d         C02/C1d
 24.556568 3.5641088 2.7195106
  
 CYCLE NUMBER  31
    C00/C1d       C01/C1d         C02/C1d
 24.556454 3.5640633 2.719466
  
 CYCLE NUMBER  32
    C00/C1d       C01/C1d         C02/C1d
 24.556442 3.5640247 2.7194328
  
 THE RESOLUTION WAS= 1024 L= 60
 DEPTH W= 1200. SEPERATION 300
 RUN No  1
 **********************************************
